e:\code\gameapi\solutions\gameapibridge\x64\debug\gameapibridge.pch
e:\code\gameapi\solutions\gameapibridge\x64\debug\vc141.pdb
e:\code\gameapi\solutions\gameapibridge\x64\debug\stdafx.obj
e:\code\gameapi\solutions\gameapibridge\x64\debug\actormanager.obj
e:\code\gameapi\solutions\gameapibridge\x64\debug\gameapibridge.obj
e:\code\gameapi\solutions\gameapibridge\x64\debug\assemblyinfo.obj
e:\code\gameapi\solutions\gameapibridge\x64\debug\.netframework,version=v4.0.assemblyattributes.obj
e:\code\gameapi\solutions\gameapibridge\x64\debug\.netframework,version=v4.0.assemblyattributes.asm
e:\code\gameapi\solutions\win64\x64\debug\gameapibridge.dll
e:\code\gameapi\solutions\win64\x64\debug\gameapibridge.pdb
e:\code\gameapi\solutions\gameapibridge\x64\debug\app.res
e:\code\gameapi\solutions\gameapibridge\x64\debug\gameapibridge.vcxprojresolveassemblyreference.cache
e:\code\gameapi\solutions\gameapibridge\x64\debug\gameapibridge.tlog\cl.command.1.tlog
e:\code\gameapi\solutions\gameapibridge\x64\debug\gameapibridge.tlog\cl.read.1.tlog
e:\code\gameapi\solutions\gameapibridge\x64\debug\gameapibridge.tlog\cl.write.1.tlog
e:\code\gameapi\solutions\gameapibridge\x64\debug\gameapibridge.tlog\link.command.1.tlog
e:\code\gameapi\solutions\gameapibridge\x64\debug\gameapibridge.tlog\link.read.1.tlog
e:\code\gameapi\solutions\gameapibridge\x64\debug\gameapibridge.tlog\link.write.1.tlog
e:\code\gameapi\solutions\gameapibridge\x64\debug\gameapibridge.tlog\metagen.read.1.tlog
e:\code\gameapi\solutions\gameapibridge\x64\debug\gameapibridge.tlog\metagen.write.1.tlog
e:\code\gameapi\solutions\gameapibridge\x64\debug\gameapibridge.tlog\rc.command.1.tlog
e:\code\gameapi\solutions\gameapibridge\x64\debug\gameapibridge.tlog\rc.read.1.tlog
e:\code\gameapi\solutions\gameapibridge\x64\debug\gameapibridge.tlog\rc.write.1.tlog
e:\code\gameapi\solutions\gameapibridge\x64\debug\gameapibridge.tlog\tzres.dll.bi
